[debug] [2025-09-29T06:58:19.720Z] ----------------------------------------------------------------------
[debug] [2025-09-29T06:58:19.723Z] Command:       C:\nvm4w\nodejs\node.exe C:\Users\USER\AppData\Roaming\npm\node_modules\firebase-tools\lib\bin\firebase.js init
[debug] [2025-09-29T06:58:19.724Z] CLI Version:   14.17.0
[debug] [2025-09-29T06:58:19.724Z] Platform:      win32
[debug] [2025-09-29T06:58:19.724Z] Node Version:  v22.19.0
[debug] [2025-09-29T06:58:19.724Z] Time:          Mon Sep 29 2025 13:58:19 GMT+0700 (เวลาอินโดจีน)
[debug] [2025-09-29T06:58:19.724Z] ----------------------------------------------------------------------
[debug] 
[debug] [2025-09-29T06:58:19.726Z] >>> [apiv2][query] GET https://firebase-public.firebaseio.com/cli.json [none]
[debug] [2025-09-29T06:58:19.776Z] > command requires scopes: ["email","openid","https://www.googleapis.com/auth/cloudplatformprojects.readonly","https://www.googleapis.com/auth/firebase","https://www.googleapis.com/auth/cloud-platform"]
[debug] [2025-09-29T06:58:19.776Z] > authorizing via signed-in user (dgkmills@gmail.com)
[info] 
     ######## #### ########  ######## ########     ###     ######  ########
     ##        ##  ##     ## ##       ##     ##  ##   ##  ##       ##
     ######    ##  ########  ######   ########  #########  ######  ######
     ##        ##  ##    ##  ##       ##     ## ##     ##       ## ##
     ##       #### ##     ## ######## ########  ##     ##  ######  ########

You're about to initialize a Firebase project in this directory:

  C:\Users\USER\Desktop\Dansaves\_My_Websites\pronunciation-app

[debug] [2025-09-29T06:58:20.994Z] <<< [apiv2][status] GET https://firebase-public.firebaseio.com/cli.json 200
[debug] [2025-09-29T06:58:20.995Z] <<< [apiv2][body] GET https://firebase-public.firebaseio.com/cli.json {"cloudBuildErrorAfter":1594252800000,"cloudBuildWarnAfter":1590019200000,"defaultNode10After":1594252800000,"minVersion":"3.0.5","node8DeploysDisabledAfter":1613390400000,"node8RuntimeDisabledAfter":1615809600000,"node8WarnAfter":1600128000000}
[info] 
=== Project Setup
[info] 
[info] First, let's associate this project directory with a Firebase project.
[info] You can create multiple project aliases by running firebase use --add, 
[info] but for now we'll just set up a default project.
[info] 
[debug] [2025-09-29T07:01:13.934Z] Checked if tokens are valid: false, expires at: 1759039722010
[debug] [2025-09-29T07:01:13.935Z] Checked if tokens are valid: false, expires at: 1759039722010
[debug] [2025-09-29T07:01:13.935Z] > refreshing access token with scopes: []
[debug] [2025-09-29T07:01:13.936Z] >>> [apiv2][query] POST https://www.googleapis.com/oauth2/v3/token [none]
[debug] [2025-09-29T07:01:13.936Z] >>> [apiv2][body] POST https://www.googleapis.com/oauth2/v3/token [omitted]
[debug] [2025-09-29T07:01:14.174Z] <<< [apiv2][status] POST https://www.googleapis.com/oauth2/v3/token 200
[debug] [2025-09-29T07:01:14.174Z] <<< [apiv2][body] POST https://www.googleapis.com/oauth2/v3/token [omitted]
[debug] [2025-09-29T07:01:14.203Z] >>> [apiv2][query] GET https://firebase.googleapis.com/v1beta1/projects pageSize=100
[debug] [2025-09-29T07:01:15.865Z] <<< [apiv2][status] GET https://firebase.googleapis.com/v1beta1/projects 200
[debug] [2025-09-29T07:01:15.865Z] <<< [apiv2][body] GET https://firebase.googleapis.com/v1beta1/projects [omitted]
[debug] [2025-09-29T07:04:01.908Z] ExitPromptError: User force closed the prompt with SIGINT
    at Interface.sigint (C:\Users\USER\AppData\Roaming\npm\node_modules\firebase-tools\node_modules\@inquirer\core\dist\commonjs\lib\create-prompt.js:101:37)
    at Interface.emit (node:events:519:28)
    at Interface.emit (node:domain:489:12)
    at [_ttyWrite] [as _ttyWrite] (node:internal/readline/interface:1132:18)
    at ReadStream.onkeypress (node:internal/readline/interface:271:20)
    at ReadStream.emit (node:events:531:35)
    at ReadStream.emit (node:domain:489:12)
    at emitKeys (node:internal/readline/utils:370:14)
    at emitKeys.next (<anonymous>)
    at ReadStream.onData (node:internal/readline/emitKeypressEvents:64:36)
[error] 
[error] Error: An unexpected error has occurred.
[debug] [2025-09-29T07:10:42.414Z] ----------------------------------------------------------------------
[debug] [2025-09-29T07:10:42.427Z] Command:       C:\nvm4w\nodejs\node.exe C:\Users\USER\AppData\Roaming\npm\node_modules\firebase-tools\lib\bin\firebase.js init
[debug] [2025-09-29T07:10:42.427Z] CLI Version:   14.17.0
[debug] [2025-09-29T07:10:42.428Z] Platform:      win32
[debug] [2025-09-29T07:10:42.428Z] Node Version:  v22.19.0
[debug] [2025-09-29T07:10:42.428Z] Time:          Mon Sep 29 2025 14:10:42 GMT+0700 (เวลาอินโดจีน)
[debug] [2025-09-29T07:10:42.429Z] ----------------------------------------------------------------------
[debug] 
[debug] [2025-09-29T07:10:42.437Z] > command requires scopes: ["email","openid","https://www.googleapis.com/auth/cloudplatformprojects.readonly","https://www.googleapis.com/auth/firebase","https://www.googleapis.com/auth/cloud-platform"]
[debug] [2025-09-29T07:10:42.438Z] > authorizing via signed-in user (dgkmills@gmail.com)
[info] 
     ######## #### ########  ######## ########     ###     ######  ########
     ##        ##  ##     ## ##       ##     ##  ##   ##  ##       ##
     ######    ##  ########  ######   ########  #########  ######  ######
     ##        ##  ##    ##  ##       ##     ## ##     ##       ## ##
     ##       #### ##     ## ######## ########  ##     ##  ######  ########

You're about to initialize a Firebase project in this directory:

  C:\Users\USER\Desktop\Dansaves\_My_Websites\pronunciation-app

[info] 
=== Project Setup
[info] 
[info] First, let's associate this project directory with a Firebase project.
[info] You can create multiple project aliases by running firebase use --add, 
[info] but for now we'll just set up a default project.
[info] 
[debug] [2025-09-29T07:11:14.684Z] Checked if tokens are valid: true, expires at: 1759132873175
[debug] [2025-09-29T07:11:14.685Z] Checked if tokens are valid: true, expires at: 1759132873175
[debug] [2025-09-29T07:11:14.686Z] >>> [apiv2][query] GET https://firebase.googleapis.com/v1beta1/projects pageSize=100
[debug] [2025-09-29T07:11:16.525Z] <<< [apiv2][status] GET https://firebase.googleapis.com/v1beta1/projects 200
[debug] [2025-09-29T07:11:16.525Z] <<< [apiv2][body] GET https://firebase.googleapis.com/v1beta1/projects [omitted]
[info] i  Using project pronunciation-app1 (pronunciation-app) 
[info] 
=== Functions Setup
[debug] [2025-09-29T07:11:18.522Z] > command requires scopes: ["email","openid","https://www.googleapis.com/auth/cloudplatformprojects.readonly","https://www.googleapis.com/auth/firebase","https://www.googleapis.com/auth/cloud-platform"]
[debug] [2025-09-29T07:11:18.522Z] > authorizing via signed-in user (dgkmills@gmail.com)
[debug] [2025-09-29T07:11:18.522Z] [iam] checking project pronunciation-app1 for permissions ["firebase.projects.get"]
[debug] [2025-09-29T07:11:18.522Z] Checked if tokens are valid: true, expires at: 1759132873175
[debug] [2025-09-29T07:11:18.522Z] Checked if tokens are valid: true, expires at: 1759132873175
[debug] [2025-09-29T07:11:18.522Z] >>> [apiv2][query] POST https://cloudresourcemanager.googleapis.com/v1/projects/pronunciation-app1:testIamPermissions [none]
[debug] [2025-09-29T07:11:18.523Z] >>> [apiv2][(partial)header] POST https://cloudresourcemanager.googleapis.com/v1/projects/pronunciation-app1:testIamPermissions x-goog-quota-user=projects/pronunciation-app1
[debug] [2025-09-29T07:11:18.523Z] >>> [apiv2][body] POST https://cloudresourcemanager.googleapis.com/v1/projects/pronunciation-app1:testIamPermissions {"permissions":["firebase.projects.get"]}
[debug] [2025-09-29T07:11:20.145Z] <<< [apiv2][status] POST https://cloudresourcemanager.googleapis.com/v1/projects/pronunciation-app1:testIamPermissions 200
[debug] [2025-09-29T07:11:20.145Z] <<< [apiv2][body] POST https://cloudresourcemanager.googleapis.com/v1/projects/pronunciation-app1:testIamPermissions {"permissions":["firebase.projects.get"]}
[debug] [2025-09-29T07:11:20.146Z] Checked if tokens are valid: true, expires at: 1759132873175
[debug] [2025-09-29T07:11:20.146Z] Checked if tokens are valid: true, expires at: 1759132873175
[debug] [2025-09-29T07:11:20.146Z] Checked if tokens are valid: true, expires at: 1759132873175
[debug] [2025-09-29T07:11:20.146Z] Checked if tokens are valid: true, expires at: 1759132873175
[debug] [2025-09-29T07:11:20.146Z] >>> [apiv2][query] GET https://serviceusage.googleapis.com/v1/projects/pronunciation-app1/services/cloudfunctions.googleapis.com [none]
[debug] [2025-09-29T07:11:20.146Z] >>> [apiv2][(partial)header] GET https://serviceusage.googleapis.com/v1/projects/pronunciation-app1/services/cloudfunctions.googleapis.com x-goog-quota-user=projects/pronunciation-app1
[debug] [2025-09-29T07:11:20.148Z] >>> [apiv2][query] GET https://serviceusage.googleapis.com/v1/projects/pronunciation-app1/services/runtimeconfig.googleapis.com [none]
[debug] [2025-09-29T07:11:20.148Z] >>> [apiv2][(partial)header] GET https://serviceusage.googleapis.com/v1/projects/pronunciation-app1/services/runtimeconfig.googleapis.com x-goog-quota-user=projects/pronunciation-app1
[debug] [2025-09-29T07:11:21.799Z] <<< [apiv2][status] GET https://serviceusage.googleapis.com/v1/projects/pronunciation-app1/services/runtimeconfig.googleapis.com 200
[debug] [2025-09-29T07:11:21.799Z] <<< [apiv2][body] GET https://serviceusage.googleapis.com/v1/projects/pronunciation-app1/services/runtimeconfig.googleapis.com [omitted]
[debug] [2025-09-29T07:11:21.840Z] <<< [apiv2][status] GET https://serviceusage.googleapis.com/v1/projects/pronunciation-app1/services/cloudfunctions.googleapis.com 200
[debug] [2025-09-29T07:11:21.840Z] <<< [apiv2][body] GET https://serviceusage.googleapis.com/v1/projects/pronunciation-app1/services/cloudfunctions.googleapis.com [omitted]
[debug] [2025-09-29T07:11:21.840Z] Checked if tokens are valid: true, expires at: 1759132873175
[debug] [2025-09-29T07:11:21.840Z] Checked if tokens are valid: true, expires at: 1759132873175
[debug] [2025-09-29T07:11:21.840Z] >>> [apiv2][query] POST https://serviceusage.googleapis.com/v1/projects/pronunciation-app1/services/cloudfunctions.googleapis.com:enable [none]
[debug] [2025-09-29T07:11:21.840Z] >>> [apiv2][(partial)header] POST https://serviceusage.googleapis.com/v1/projects/pronunciation-app1/services/cloudfunctions.googleapis.com:enable x-goog-quota-user=projects/pronunciation-app1
[debug] [2025-09-29T07:11:23.473Z] <<< [apiv2][status] POST https://serviceusage.googleapis.com/v1/projects/pronunciation-app1/services/cloudfunctions.googleapis.com:enable 200
[debug] [2025-09-29T07:11:23.473Z] <<< [apiv2][body] POST https://serviceusage.googleapis.com/v1/projects/pronunciation-app1/services/cloudfunctions.googleapis.com:enable [omitted]
[info] Let's create a new codebase for your functions.
[info] A directory corresponding to the codebase will be created in your project
[info] with sample code pre-configured.

[info] See https://firebase.google.com/docs/functions/organize-functions for
[info] more information on organizing your functions using codebases.

[info] Functions can be deployed with firebase deploy.

[info] i  Skipping write of functions/package.json 
[info] +  Wrote functions/.eslintrc.js 
[info] i  Skipping write of functions/index.js 
[info] +  Wrote functions/.gitignore 
[info] 
=== Hosting Setup
[debug] [2025-09-29T07:16:25.123Z] Checked if tokens are valid: true, expires at: 1759132873175
[debug] [2025-09-29T07:16:25.123Z] Checked if tokens are valid: true, expires at: 1759132873175
[debug] [2025-09-29T07:16:25.123Z] >>> [apiv2][query] GET https://firebase.googleapis.com/v1beta1/projects/pronunciation-app1 [none]
[debug] [2025-09-29T07:16:25.820Z] <<< [apiv2][status] GET https://firebase.googleapis.com/v1beta1/projects/pronunciation-app1 200
[debug] [2025-09-29T07:16:25.820Z] <<< [apiv2][body] GET https://firebase.googleapis.com/v1beta1/projects/pronunciation-app1 {"projectId":"pronunciation-app1","projectNumber":"284971348217","displayName":"pronunciation-app","name":"projects/pronunciation-app1","resources":{"hostingSite":"pronunciation-app1"},"state":"ACTIVE","etag":"1_457969fe-7107-449a-919d-bea3c155a2f7"}
[info] 
[info] Your public directory is the folder (relative to your project directory) that
[info] will contain Hosting assets to be uploaded with firebase deploy. If you
[info] have a build process for your assets, use your build's output directory.
[info] 
[debug] [2025-09-29T07:23:51.674Z] >>> [apiv2][query] GET https://www.gstatic.com/firebasejs/releases.json [none]
[debug] [2025-09-29T07:23:52.099Z] <<< [apiv2][status] GET https://www.gstatic.com/firebasejs/releases.json 200
[debug] [2025-09-29T07:23:52.099Z] <<< [apiv2][body] GET https://www.gstatic.com/firebasejs/releases.json {"current":{"version":"12.3.0","browserURL":"https://www.gstatic.com/firebasejs/12.3.0/firebase.js","packageURL":"https://www.gstatic.com/firebasejs/12.3.0/firebase.tgz"},"live":{"version":"12.3","browserURL":"https://www.gstatic.com/firebasejs/live/12.3/firebase.js","packageURL":"https://www.gstatic.com/firebasejs/live/12.3/firebase.tgz"},"components":{"ai":"https://www.gstatic.com/firebasejs/12.3.0/firebase-ai.js","analytics":"https://www.gstatic.com/firebasejs/12.3.0/firebase-analytics.js","app":"https://www.gstatic.com/firebasejs/12.3.0/firebase-app.js","app-check":"https://www.gstatic.com/firebasejs/12.3.0/firebase-app-check.js","auth":"https://www.gstatic.com/firebasejs/12.3.0/firebase-auth.js","auth/cordova":"https://www.gstatic.com/firebasejs/12.3.0/firebase-auth/cordova.js","auth/web-extension":"https://www.gstatic.com/firebasejs/12.3.0/firebase-auth/web-extension.js","functions":"https://www.gstatic.com/firebasejs/12.3.0/firebase-functions.js","firestore":"https://www.gstatic.com/firebasejs/12.3.0/firebase-firestore.js","firestore/lite":"https://www.gstatic.com/firebasejs/12.3.0/firebase-firestore/lite.js","installations":"https://www.gstatic.com/firebasejs/12.3.0/firebase-installations.js","storage":"https://www.gstatic.com/firebasejs/12.3.0/firebase-storage.js","performance":"https://www.gstatic.com/firebasejs/12.3.0/firebase-performance.js","remote-config":"https://www.gstatic.com/firebasejs/12.3.0/firebase-remote-config.js","messaging":"https://www.gstatic.com/firebasejs/12.3.0/firebase-messaging.js","messaging/sw":"https://www.gstatic.com/firebasejs/12.3.0/firebase-messaging/sw.js","database":"https://www.gstatic.com/firebasejs/12.3.0/firebase-database.js","data-connect":"https://www.gstatic.com/firebasejs/12.3.0/firebase-data-connect.js","firestore.memory":"https://www.gstatic.com/firebasejs/12.3.0/firebase-firestore.memory.js"}}
[info] i  Skipping write of public/index.html 
[info] 
[info] i  Didn't detect a .git folder. Assuming C:\Users\USER\Desktop\Dansaves\_My_Websites\pronunciation-app is the project root. 
[info] i  Authorizing with GitHub to upload your service account to a GitHub repository's secrets store. 
[info] 
[info] Visit this URL on this device to log in:
[info] https://github.com/login/oauth/authorize?client_id=89cf50f02ac6aaed3484&state=429474124&redirect_uri=http%3A%2F%2Flocalhost%3A9005&scope=read%3Auser%20repo%20public_repo
[info] 
[info] Waiting for authentication...
[debug] [2025-09-29T07:27:18.107Z] >>> [apiv2][query] POST https://github.com/login/oauth/access_token [none]
[debug] [2025-09-29T07:27:18.108Z] >>> [apiv2][body] POST https://github.com/login/oauth/access_token [stream]
[debug] [2025-09-29T07:27:18.710Z] <<< [apiv2][status] POST https://github.com/login/oauth/access_token 200
[debug] [2025-09-29T07:27:18.711Z] <<< [apiv2][body] POST https://github.com/login/oauth/access_token {"access_token":"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","token_type":"bearer","scope":"read:user,repo"}
[debug] [2025-09-29T07:27:18.716Z] >>> [apiv2][query] GET https://api.github.com/user [none]
[debug] [2025-09-29T07:27:19.308Z] <<< [apiv2][status] GET https://api.github.com/user 200
[debug] [2025-09-29T07:27:19.308Z] <<< [apiv2][body] GET https://api.github.com/user {"login":"dgkmills","id":230177355,"node_id":"U_kgDODbg6Sw","avatar_url":"https://avatars.githubusercontent.com/u/230177355?v=4","gravatar_id":"","url":"https://api.github.com/users/dgkmills","html_url":"https://github.com/dgkmills","followers_url":"https://api.github.com/users/dgkmills/followers","following_url":"https://api.github.com/users/dgkmills/following{/other_user}","gists_url":"https://api.github.com/users/dgkmills/gists{/gist_id}","starred_url":"https://api.github.com/users/dgkmills/starred{/owner}{/repo}","subscriptions_url":"https://api.github.com/users/dgkmills/subscriptions","organizations_url":"https://api.github.com/users/dgkmills/orgs","repos_url":"https://api.github.com/users/dgkmills/repos","events_url":"https://api.github.com/users/dgkmills/events{/privacy}","received_events_url":"https://api.github.com/users/dgkmills/received_events","type":"User","user_view_type":"private","site_admin":false,"name":"Daniel G Mills","company":"Beekeeping","blog":"","location":null,"email":"dgkmills@gmail.com","hireable":null,"bio":"I know a lot about farming, but not much about web-dev. That's what AI is doing for me. I just take it one screen at a time and have built a couple sites.","twitter_username":null,"notification_email":"dgkmills@gmail.com","public_repos":7,"public_gists":0,"followers":0,"following":0,"created_at":"2025-09-03T14:07:18Z","updated_at":"2025-09-10T06:33:43Z","private_gists":0,"total_private_repos":0,"owned_private_repos":0,"disk_usage":18554,"collaborators":0,"two_factor_authentication":false,"plan":{"name":"free","space":976562499,"collaborators":0,"private_repos":10000}}
[info] 
[info] +  Success! Logged into GitHub as dgkmills 
[info] 
[debug] [2025-09-29T07:37:18.701Z] ExitPromptError: User force closed the prompt with SIGINT
    at Interface.sigint (C:\Users\USER\AppData\Roaming\npm\node_modules\firebase-tools\node_modules\@inquirer\core\dist\commonjs\lib\create-prompt.js:101:37)
    at Interface.emit (node:events:519:28)
    at Interface.emit (node:domain:489:12)
    at [_ttyWrite] [as _ttyWrite] (node:internal/readline/interface:1132:18)
    at ReadStream.onkeypress (node:internal/readline/interface:271:20)
    at ReadStream.emit (node:events:531:35)
    at ReadStream.emit (node:domain:489:12)
    at emitKeys (node:internal/readline/utils:370:14)
    at emitKeys.next (<anonymous>)
    at ReadStream.onData (node:internal/readline/emitKeypressEvents:64:36)
[error] 
[error] Error: An unexpected error has occurred.
